[debug] > Exec(early(addDefaultCommands), None, None)
[debug] > Exec(addDefaultCommands, None, None)
[debug] > Exec(early(initialize), None, None)
[debug] > Exec(initialize, None, None)
[debug] > Exec(boot, None, None)
[debug] > Exec(writeSbtVersion, None, None)
[debug] > Exec(reload, None, None)
[debug] > Exec(sbtStashOnFailure, None, None)
[debug] > Exec(onFailure loadFailed, None, None)
[debug] > Exec(loadp, None, None)
[info] welcome to sbt 1.9.6 (Amazon.com Inc. Java 1.8.0_402)
[debug] Load.defaultLoad until apply took 152.2985ms
[debug]           Load.loadUnit: plugins took 150.5695ms
[debug]           Load.loadUnit: defsScala took 0.6104ms
[debug] [Loading] Scanning directory C:\Users\8002263\IdeaProjects\DayOne_first_project\project
[debug] [Loading] Found non-root projects 
[debug] [Loading] Done in C:\Users\8002263\IdeaProjects\DayOne_first_project\project, returning: ()
[debug] deducing auto plugins based on known facts Set(Atom(sbt.plugins.CorePlugin)) and clauses Clauses(Clause(Atom(sbt.plugins.JvmPlugin),Set(Atom(sbt.plugins.IvyPlugin)))
[debug] Clause(Atom(sbt.ScriptedPlugin),Set(Atom(sbt.plugins.JvmPlugin)))
[debug] Clause(Atom(sbt.plugins.SbtPlugin),Set(Atom(sbt.ScriptedPlugin)))
[debug] Clause(Atom(sbt.plugins.SemanticdbPlugin),Set(Atom(sbt.plugins.JvmPlugin)))
[debug] Clause(Atom(sbt.plugins.JUnitXmlReportPlugin),Set(Atom(sbt.plugins.JvmPlugin)))
[debug] Clause(Atom(sbt.plugins.MiniDependencyTreePlugin),Set(Atom(sbt.plugins.JvmPlugin)))
[debug] Clause(Atom(sbt.plugins.CorePlugin),Set(Atom(sbt.plugins.IvyPlugin)))
[debug] Clause(Atom(sbt.plugins.IvyPlugin),Set(Atom(sbt.plugins.JvmPlugin)))
[debug] Clause(Atom(sbt.plugins.JvmPlugin),Set(Atom(sbt.plugins.SemanticdbPlugin)))
[debug] Clause(Atom(sbt.plugins.JvmPlugin),Set(Atom(sbt.plugins.JUnitXmlReportPlugin)))
[debug] Clause(Atom(sbt.plugins.CorePlugin),Set(Atom(sbt.plugins.Giter8TemplatePlugin)))
[debug] Clause(Atom(sbt.plugins.JvmPlugin),Set(Atom(sbt.plugins.MiniDependencyTreePlugin))))
[debug]   :: deduced result: Matched(sbt.plugins.CorePlugin,sbt.plugins.Giter8TemplatePlugin,sbt.plugins.IvyPlugin,sbt.plugins.JvmPlugin,sbt.plugins.MiniDependencyTreePlugin,sbt.plugins.JUnitXmlReportPlugin,sbt.plugins.SemanticdbPlugin)
[debug] Plugins.deducer#function took 24.5458 ms
[debug]               Load.resolveProject(dayone_first_project-build) took 73.4065ms
[debug]             Load.loadTransitive: finalizeProject(Project(id dayone_first_project-build, base: C:\Users\8002263\IdeaProjects\DayOne_first_project\project, plugins: List(<none>))) took 169.3603ms
[debug] [Loading] Done in C:\Users\8002263\IdeaProjects\DayOne_first_project\project, returning: (dayone_first_project-build)
[debug]           Load.loadUnit: loadedProjectsRaw took 203.7666ms
[debug]           Load.loadUnit: cleanEvalClasses took 0.5992ms
[debug]         Load.loadUnit(file:/C:/Users/8002263/IdeaProjects/DayOne_first_project/project/, ...) took 365.8515ms
[debug]       Load.apply: load took 740.3724ms
[debug]       Load.apply: resolveProjects took 7.273ms
[debug]       Load.apply: finalTransforms took 67.6779ms
[debug]       Load.apply: config.delegates took 11.3552ms
[debug]       Load.apply: Def.make(settings)... took 481.7861ms
[debug]       Load.apply: structureIndex took 131.138ms
[debug]       Load.apply: mkStreams took 2.4694ms
[info] loading project definition from C:\Users\8002263\IdeaProjects\DayOne_first_project\project
[debug] Running task... Cancel: Signal, check cycles: false, forcegc: true
[debug]     Load.loadUnit: plugins took 2439.5653ms
[debug]     Load.loadUnit: defsScala took 0.005ms
[debug] [Loading] Scanning directory C:\Users\8002263\IdeaProjects\DayOne_first_project
[debug]       Load.loadUnit: mkEval took 8.8256ms
[debug] [Loading] Found root project root w/ remaining 
[debug] deducing auto plugins based on known facts Set(Atom(sbt.plugins.CorePlugin)) and clauses Clauses(Clause(Atom(sbt.plugins.JvmPlugin),Set(Atom(sbt.plugins.IvyPlugin)))
[debug] Clause(Atom(sbt.ScriptedPlugin),Set(Atom(sbt.plugins.JvmPlugin)))
[debug] Clause(Atom(sbt.plugins.SbtPlugin),Set(Atom(sbt.ScriptedPlugin)))
[debug] Clause(Atom(sbt.plugins.SemanticdbPlugin),Set(Atom(sbt.plugins.JvmPlugin)))
[debug] Clause(Atom(sbt.plugins.JUnitXmlReportPlugin),Set(Atom(sbt.plugins.JvmPlugin)))
[debug] Clause(Atom(sbt.plugins.MiniDependencyTreePlugin),Set(Atom(sbt.plugins.JvmPlugin)))
[debug] Clause(Atom(sbt.plugins.CorePlugin),Set(Atom(sbt.plugins.IvyPlugin)))
[debug] Clause(Atom(sbt.plugins.IvyPlugin),Set(Atom(sbt.plugins.JvmPlugin)))
[debug] Clause(Atom(sbt.plugins.JvmPlugin),Set(Atom(sbt.plugins.SemanticdbPlugin)))
[debug] Clause(Atom(sbt.plugins.JvmPlugin),Set(Atom(sbt.plugins.JUnitXmlReportPlugin)))
[debug] Clause(Atom(sbt.plugins.CorePlugin),Set(Atom(sbt.plugins.Giter8TemplatePlugin)))
[debug] Clause(Atom(sbt.plugins.JvmPlugin),Set(Atom(sbt.plugins.MiniDependencyTreePlugin))))
[debug]   :: deduced result: Matched(sbt.plugins.CorePlugin,sbt.plugins.Giter8TemplatePlugin,sbt.plugins.IvyPlugin,sbt.plugins.JvmPlugin,sbt.plugins.MiniDependencyTreePlugin,sbt.plugins.JUnitXmlReportPlugin,sbt.plugins.SemanticdbPlugin)
[debug] Plugins.deducer#function took 2.2758 ms
[info] loading settings for project root from build.sbt ...
[debug]         Load.resolveProject(root) took 3.1549ms
[debug]       Load.loadTransitive: finalizeProject(Project(id root, base: C:\Users\8002263\IdeaProjects\DayOne_first_project, plugins: List(<none>))) took 6.7795ms
[debug] [Loading] Done in C:\Users\8002263\IdeaProjects\DayOne_first_project, returning: (root)
[debug]     Load.loadUnit: loadedProjectsRaw took 2431.9699ms
[debug]     Load.loadUnit: cleanEvalClasses took 12.3275ms
[debug]   Load.loadUnit(file:/C:/Users/8002263/IdeaProjects/DayOne_first_project/, ...) took 4885.9462ms
[debug] Load.apply: load took 4907.3502ms
[debug] Load.apply: resolveProjects took 0.4481ms
[debug] Load.apply: finalTransforms took 22.0321ms
[debug] Load.apply: config.delegates took 0.4419ms
[debug] Load.apply: Def.make(settings)... took 111.4284ms
[debug] Load.apply: structureIndex took 37.3888ms
[debug] Load.apply: mkStreams took 0.0042ms
[info] set current project to DayOne_first_project (in build file:/C:/Users/8002263/IdeaProjects/DayOne_first_project/)
[debug] > Exec(sbtPopOnFailure, None, None)
[debug] > Exec(resumeFromFailure, None, None)
[debug] > Exec(notifyUsersAboutShell, None, None)
[debug] > Exec(iflast shell, None, None)
[debug] > Exec(shell, None, None)
[info] sbt server started at local:sbt-server-c1f6bf44a78ebeed5f05
[debug] Writing bsp connection file
[info] started sbt server
