[debug] > Exec(early(addDefaultCommands), None, None)
[debug] > Exec(addDefaultCommands, None, None)
[debug] > Exec(early(initialize), None, None)
[debug] > Exec(initialize, None, None)
[debug] > Exec(boot, None, None)
[debug] > Exec(writeSbtVersion, None, None)
[debug] > Exec(reload, None, None)
[debug] > Exec(sbtStashOnFailure, None, None)
[debug] > Exec(onFailure loadFailed, None, None)
[debug] > Exec(loadp, None, None)
[info] welcome to sbt 1.9.6 (Amazon.com Inc. Java 1.8.0_402)
[debug] Load.defaultLoad until apply took 127.0438ms
[debug]           Load.loadUnit: plugins took 123.675ms
[debug]           Load.loadUnit: defsScala took 0.4743ms
[debug] [Loading] Scanning directory C:\Users\8002263\IdeaProjects\DayOne_first_project\project
[debug] [Loading] Found non-root projects 
[debug] [Loading] Done in C:\Users\8002263\IdeaProjects\DayOne_first_project\project, returning: ()
[debug] deducing auto plugins based on known facts Set(Atom(sbt.plugins.CorePlugin)) and clauses Clauses(Clause(Atom(sbt.plugins.JvmPlugin),Set(Atom(sbt.plugins.IvyPlugin)))
[debug] Clause(Atom(sbt.ScriptedPlugin),Set(Atom(sbt.plugins.JvmPlugin)))
[debug] Clause(Atom(sbt.plugins.SbtPlugin),Set(Atom(sbt.ScriptedPlugin)))
[debug] Clause(Atom(sbt.plugins.SemanticdbPlugin),Set(Atom(sbt.plugins.JvmPlugin)))
[debug] Clause(Atom(sbt.plugins.JUnitXmlReportPlugin),Set(Atom(sbt.plugins.JvmPlugin)))
[debug] Clause(Atom(sbt.plugins.MiniDependencyTreePlugin),Set(Atom(sbt.plugins.JvmPlugin)))
[debug] Clause(Atom(sbt.plugins.CorePlugin),Set(Atom(sbt.plugins.IvyPlugin)))
[debug] Clause(Atom(sbt.plugins.IvyPlugin),Set(Atom(sbt.plugins.JvmPlugin)))
[debug] Clause(Atom(sbt.plugins.JvmPlugin),Set(Atom(sbt.plugins.SemanticdbPlugin)))
[debug] Clause(Atom(sbt.plugins.JvmPlugin),Set(Atom(sbt.plugins.JUnitXmlReportPlugin)))
[debug] Clause(Atom(sbt.plugins.CorePlugin),Set(Atom(sbt.plugins.Giter8TemplatePlugin)))
[debug] Clause(Atom(sbt.plugins.JvmPlugin),Set(Atom(sbt.plugins.MiniDependencyTreePlugin))))
[debug]   :: deduced result: Matched(sbt.plugins.CorePlugin,sbt.plugins.Giter8TemplatePlugin,sbt.plugins.IvyPlugin,sbt.plugins.JvmPlugin,sbt.plugins.MiniDependencyTreePlugin,sbt.plugins.JUnitXmlReportPlugin,sbt.plugins.SemanticdbPlugin)
[debug] Plugins.deducer#function took 30.6894 ms
[debug]               Load.resolveProject(dayone_first_project-build) took 106.0213ms
[debug]             Load.loadTransitive: finalizeProject(Project(id dayone_first_project-build, base: C:\Users\8002263\IdeaProjects\DayOne_first_project\project, plugins: List(<none>))) took 178.3673ms
[debug] [Loading] Done in C:\Users\8002263\IdeaProjects\DayOne_first_project\project, returning: (dayone_first_project-build)
[debug]           Load.loadUnit: loadedProjectsRaw took 207.365ms
[debug]           Load.loadUnit: cleanEvalClasses took 0.5365ms
[debug]         Load.loadUnit(file:/C:/Users/8002263/IdeaProjects/DayOne_first_project/project/, ...) took 340.5833ms
[debug]       Load.apply: load took 669.4784ms
[debug]       Load.apply: resolveProjects took 11.5104ms
[debug]       Load.apply: finalTransforms took 83.311ms
[debug]       Load.apply: config.delegates took 12.9709ms
[debug]       Load.apply: Def.make(settings)... took 476.2747ms
[debug]       Load.apply: structureIndex took 134.7612ms
[debug]       Load.apply: mkStreams took 2.6929ms
[info] loading project definition from C:\Users\8002263\IdeaProjects\DayOne_first_project\project
[debug] Running task... Cancel: Signal, check cycles: false, forcegc: true
[debug]     Load.loadUnit: plugins took 2470.8896ms
[debug]     Load.loadUnit: defsScala took 0.0082ms
[debug] [Loading] Scanning directory C:\Users\8002263\IdeaProjects\DayOne_first_project
[debug]       Load.loadUnit: mkEval took 18.1443ms
[debug] [Loading] Found root project root w/ remaining 
[debug] deducing auto plugins based on known facts Set(Atom(sbt.plugins.CorePlugin)) and clauses Clauses(Clause(Atom(sbt.plugins.JvmPlugin),Set(Atom(sbt.plugins.IvyPlugin)))
[debug] Clause(Atom(sbt.ScriptedPlugin),Set(Atom(sbt.plugins.JvmPlugin)))
[debug] Clause(Atom(sbt.plugins.SbtPlugin),Set(Atom(sbt.ScriptedPlugin)))
[debug] Clause(Atom(sbt.plugins.SemanticdbPlugin),Set(Atom(sbt.plugins.JvmPlugin)))
[debug] Clause(Atom(sbt.plugins.JUnitXmlReportPlugin),Set(Atom(sbt.plugins.JvmPlugin)))
[debug] Clause(Atom(sbt.plugins.MiniDependencyTreePlugin),Set(Atom(sbt.plugins.JvmPlugin)))
[debug] Clause(Atom(sbt.plugins.CorePlugin),Set(Atom(sbt.plugins.IvyPlugin)))
[debug] Clause(Atom(sbt.plugins.IvyPlugin),Set(Atom(sbt.plugins.JvmPlugin)))
[debug] Clause(Atom(sbt.plugins.JvmPlugin),Set(Atom(sbt.plugins.SemanticdbPlugin)))
[debug] Clause(Atom(sbt.plugins.JvmPlugin),Set(Atom(sbt.plugins.JUnitXmlReportPlugin)))
[debug] Clause(Atom(sbt.plugins.CorePlugin),Set(Atom(sbt.plugins.Giter8TemplatePlugin)))
[debug] Clause(Atom(sbt.plugins.JvmPlugin),Set(Atom(sbt.plugins.MiniDependencyTreePlugin))))
[debug]   :: deduced result: Matched(sbt.plugins.CorePlugin,sbt.plugins.Giter8TemplatePlugin,sbt.plugins.IvyPlugin,sbt.plugins.JvmPlugin,sbt.plugins.MiniDependencyTreePlugin,sbt.plugins.JUnitXmlReportPlugin,sbt.plugins.SemanticdbPlugin)
[debug] Plugins.deducer#function took 1.8862 ms
[info] loading settings for project root from build.sbt ...
[debug]         Load.resolveProject(root) took 2.9089ms
[debug]       Load.loadTransitive: finalizeProject(Project(id root, base: C:\Users\8002263\IdeaProjects\DayOne_first_project, plugins: List(<none>))) took 5.8901ms
[debug] [Loading] Done in C:\Users\8002263\IdeaProjects\DayOne_first_project, returning: (root)
[debug]     Load.loadUnit: loadedProjectsRaw took 3052.8811ms
[debug]     Load.loadUnit: cleanEvalClasses took 8.8717ms
[debug]   Load.loadUnit(file:/C:/Users/8002263/IdeaProjects/DayOne_first_project/, ...) took 5534.435ms
[debug] Load.apply: load took 5554.863ms
[debug] Load.apply: resolveProjects took 0.1086ms
[debug] Load.apply: finalTransforms took 13.6424ms
[debug] Load.apply: config.delegates took 0.448ms
[debug] Load.apply: Def.make(settings)... took 90.0894ms
[debug] Load.apply: structureIndex took 41.0737ms
[debug] Load.apply: mkStreams took 0.0083ms
[info] set current project to DayOne_first_project (in build file:/C:/Users/8002263/IdeaProjects/DayOne_first_project/)
[debug] > Exec(sbtPopOnFailure, None, None)
[debug] > Exec(resumeFromFailure, None, None)
[debug] > Exec(notifyUsersAboutShell, None, None)
[debug] > Exec(iflast shell, None, None)
[debug] > Exec(shell, None, None)
[info] sbt server started at local:sbt-server-c1f6bf44a78ebeed5f05
[debug] Writing bsp connection file
[info] started sbt server
